C51 COMPILER V9.55   MLX90614                                                              05/11/2021 12:40:06 PAGE 1   


C51 COMPILER V9.55, COMPILATION OF MODULE MLX90614
OBJECT MODULE PLACED IN .\Objects\MLX90614.obj
COMPILER INVOKED BY: C:\Keil_v5\C51\BIN\C51.EXE Function\MLX90614\MLX90614.C LARGE OPTIMIZE(8,SPEED) BROWSE INCDIR(.\Fun
                    -ction\Beep;.\Function\I2C;.\Function\LCD12864;.\Function\main;.\Function\MLX90614;.\Function\RC522;.\Function\System) DE
                    -BUG OBJECTEXTEND PRINT(.\Listings\MLX90614.lst) OBJECT(.\Objects\MLX90614.obj)

line level    source

   1          //影隐劫(ZGT)
   2          #include "MLX90614.h"
   3          /*******************************************************************************
   4          * 函 数 名       :MemRead()
   5          * 函数功能       :读取红外体温传感器的温度数据
   6          * 输    入       : 无
   7          * 输    出       : 读取到的体温数据是浮点型
   8          *******************************************************************************/
   9          unsigned char MemRead(unsigned char * Data_Temp)
  10          {
  11   1          //读AT24C02的字节    
  12   1              I2C_Start();
  13   1              I2C_Send_Byte(0x00);            //写入需要读的器件地址
  14   1              if(!Test_ACK())                                 //等待应答
  15   1              {       return (0);     }
  16   1              I2C_Send_Byte(0x07);                    //从该地址开始读        
  17   1          if(!Test_ACK())                                     //等待应答
  18   1              {       return (0);     }    
  19   1              I2C_Start();
  20   1              I2C_Send_Byte(0x01);    //写入需要读的器件地址，这里+1是因为I2C的最后一位控制读写，为0是写为1是读
  21   1              Master_ACK(0);
  22   1              Data_Temp[0] = I2C_Read_Byte();//DataL
  23   1              Master_ACK(0);
  24   1          Data_Temp[1] = I2C_Read_Byte();//DataH
  25   1              Master_ACK(1);
  26   1          Data_Temp[2] = I2C_Read_Byte();//Pecreg
  27   1              I2C_Stop();    
  28   1              return (1);
  29   1      }
  30          float Temp_Float(unsigned char * Temp_Hex)
  31          {
  32   1          float Temp;
  33   1          int Data;
  34   1          Data = Temp_Hex[1];
  35   1          Data <<= 8;
  36   1          Data |= Temp_Hex[0];
  37   1          Temp = Data*0.02-272.15;
  38   1          return Temp;
  39   1      }


MODULE INFORMATION:   STATIC OVERLAYABLE
   CODE SIZE        =    205    ----
   CONSTANT SIZE    =   ----    ----
   XDATA SIZE       =   ----       5
   PDATA SIZE       =   ----    ----
   DATA SIZE        =   ----    ----
   IDATA SIZE       =   ----    ----
   BIT SIZE         =   ----    ----
END OF MODULE INFORMATION.


C51 COMPILATION COMPLETE.  0 WARNING(S),  0 ERROR(S)
