C51 COMPILER V9.55   UART                                                                  05/11/2021 12:40:08 PAGE 1   


C51 COMPILER V9.55, COMPILATION OF MODULE UART
OBJECT MODULE PLACED IN .\Objects\UART.obj
COMPILER INVOKED BY: C:\Keil_v5\C51\BIN\C51.EXE Function\System\UART.c LARGE OPTIMIZE(8,SPEED) BROWSE INCDIR(.\Function\
                    -Beep;.\Function\I2C;.\Function\LCD12864;.\Function\main;.\Function\MLX90614;.\Function\RC522;.\Function\System) DEBUG OB
                    -JECTEXTEND PRINT(.\Listings\UART.lst) OBJECT(.\Objects\UART.obj)

line level    source

   1          //影隐劫（ZGT）
   2          #include "UART.h"
   3          /*******************************************************************************
   4          * 函 数 名       :UsartInit()
   5          * 函数功能       :设置串口
   6          * 输    入       : 无
   7          * 输    出       : 无
   8          *******************************************************************************/
   9          void Uart_init(void)
  10          {
  11   1              TMOD |= 0x20;   //T1工作模式2  8位自动重装
  12   1              TH1 = 0xfd;
  13   1              TL1 = 0xfd;     //比特率9600
  14   1              TR1 = 1;                //启动T1定时器
  15   1              SM0 = 0;
  16   1              SM1 = 1;                //串口工作方式1 10位异步
  17   1              REN = 1;                //串口允许接收
  18   1              EA  = 1;                //开总中断
  19   1              ES  = 1;                //串口中断打开
  20   1      }
  21          /*******************************************************************************
  22          * 函 数 名       :UART_SendString()
  23          * 函数功能       :串口发送字符串
  24          * 输    入       :DataLength发送的字节长度,TXStr输入需要发送的字符串地址
  25          * 输    出       :无
  26          *******************************************************************************/
  27          void UART_SendString(unsigned char DataLength,unsigned char *TXStr)  
  28          {                
  29   1          ES=0;//由于发送的是字符串了就先关闭中断
  30   1          while(DataLength != 0) 
  31   1          {                      
  32   2              SBUF=*TXStr;
  33   2              while(!TI);//串口发完就会跳出该循环
  34   2              TI=0;//清除标志位
  35   2              TXStr++;//发送下一个字符
  36   2              DataLength--;
  37   2          }
  38   1          ES=1; //操作完成后打开
  39   1      }
  40          
  41          
  42          /*******************************************************************************
  43          * 函 数 名       :UART_SendString()
  44          * 函数功能       :串口发送字符串
  45          * 输    入       :DataLength发送的字节长度,RecStr接收字符串的缓存区
  46          * 输    出       :无
  47          *******************************************************************************/
  48          bit UART_ReceiveString(unsigned char DataLength,unsigned char * RecStr)    
  49          {
  50   1          unsigned char * buf_string = RecStr;
  51   1          char num=0;
  52   1          unsigned char count=0;
  53   1          
C51 COMPILER V9.55   UART                                                                  05/11/2021 12:40:08 PAGE 2   

  54   1          loop:    
  55   1          *buf_string=SBUF;//接收数据
  56   1          count=0;
  57   1          RI=0;    
  58   1          if(num < DataLength-1)  //根据数据包长度接收
  59   1          {
  60   2              num++;
  61   2              buf_string++;    
  62   2              while(!RI)
  63   2              {
  64   3                  count++;
  65   3                  if(count>130)return 0;//接收数据等待延迟，等待时间太久会导致CPU运算闲置，太短会出现"数据包被分
             -割",默认count=130
  66   3              }
  67   2              goto loop;
  68   2          }
  69   1          return 1;
  70   1      }


MODULE INFORMATION:   STATIC OVERLAYABLE
   CODE SIZE        =     94    ----
   CONSTANT SIZE    =   ----    ----
   XDATA SIZE       =   ----    ----
   PDATA SIZE       =   ----    ----
   DATA SIZE        =   ----    ----
   IDATA SIZE       =   ----    ----
   BIT SIZE         =   ----    ----
END OF MODULE INFORMATION.


C51 COMPILATION COMPLETE.  0 WARNING(S),  0 ERROR(S)
